<?xml version="1.0" encoding="UTF-8"?>
<testng-results ignored="0" total="1" passed="1" failed="0" skipped="0">
  <reporter-output>
  </reporter-output>
  <suite started-at="2023-03-11T10:34:14 IST" name="Default suite" finished-at="2023-03-11T10:34:22 IST" duration-ms="8104">
    <groups>
    </groups>
    <test started-at="2023-03-11T10:34:14 IST" name="Default test" finished-at="2023-03-11T10:34:22 IST" duration-ms="8104">
      <class name="org.home.category.furniture.BaseClass">
        <test-method is-config="true" signature="startDriver()[pri:0, instance:org.home.category.furniture.BaseClass@795cd85e]" started-at="2023-03-11T10:34:14 IST" name="startDriver" finished-at="2023-03-11T10:34:19 IST" duration-ms="4716" status="PASS">
          <reporter-output>
          </reporter-output>
        </test-method> <!-- startDriver -->
        <test-method signature="someActions()[pri:0, instance:org.home.category.furniture.BaseClass@795cd85e]" started-at="2023-03-11T10:34:19 IST" name="someActions" finished-at="2023-03-11T10:34:22 IST" duration-ms="3194" status="PASS">
          <reporter-output>
          </reporter-output>
        </test-method> <!-- someActions -->
        <test-method is-config="true" signature="closeDriver()[pri:0, instance:org.home.category.furniture.BaseClass@795cd85e]" started-at="2023-03-11T10:34:22 IST" name="closeDriver" finished-at="2023-03-11T10:34:22 IST" duration-ms="162" status="PASS">
          <reporter-output>
          </reporter-output>
        </test-method> <!-- closeDriver -->
      </class> <!-- org.home.category.furniture.BaseClass -->
    </test> <!-- Default test -->
  </suite> <!-- Default suite -->
</testng-results>
